0 info it worked if it ends with ok
1 verbose cli [ '/Users/joshzylstra/.node/bin/node',
1 verbose cli   '/Users/joshzylstra/.node/bin/npm',
1 verbose cli   'install',
1 verbose cli   '-g',
1 verbose cli   'sass-watch' ]
2 info using npm@2.10.1
3 info using node@v0.12.4
4 verbose install initial load of /usr/local/lib/package.json
5 verbose readDependencies loading dependencies from /usr/local/lib/package.json
6 silly cache add args [ 'sass-watch', null ]
7 verbose cache add spec sass-watch
8 silly cache add parsed spec { raw: 'sass-watch',
8 silly cache add   scope: null,
8 silly cache add   name: 'sass-watch',
8 silly cache add   rawSpec: '',
8 silly cache add   spec: '*',
8 silly cache add   type: 'range' }
9 silly addNamed sass-watch@*
10 verbose addNamed "*" is a valid semver range for sass-watch
11 silly addNameRange { name: 'sass-watch', range: '*', hasData: false }
12 silly mapToRegistry name sass-watch
13 silly mapToRegistry using default registry
14 silly mapToRegistry registry https://registry.npmjs.org/
15 silly mapToRegistry uri https://registry.npmjs.org/sass-watch
16 verbose addNameRange registry:https://registry.npmjs.org/sass-watch not in flight; fetching
17 verbose request uri https://registry.npmjs.org/sass-watch
18 verbose request no auth needed
19 info attempt registry request try #1 at 21:24:52
20 verbose request id 32a74ec8aed2b507
21 http request GET https://registry.npmjs.org/sass-watch
22 http 200 https://registry.npmjs.org/sass-watch
23 silly get cb [ 200,
23 silly get   { server: 'CouchDB/1.5.0 (Erlang OTP/R16B03)',
23 silly get     etag: '"9XLH0C89O3D4QYUARZORB05ZF"',
23 silly get     'content-type': 'application/json',
23 silly get     'cache-control': 'max-age=60',
23 silly get     'content-length': '2570',
23 silly get     'accept-ranges': 'bytes',
23 silly get     date: 'Tue, 18 Aug 2015 04:24:53 GMT',
23 silly get     via: '1.1 varnish',
23 silly get     age: '0',
23 silly get     connection: 'keep-alive',
23 silly get     'x-served-by': 'cache-ord1732-ORD',
23 silly get     'x-cache': 'MISS',
23 silly get     'x-cache-hits': '0',
23 silly get     'x-timer': 'S1439871893.804741,VS0,VE65',
23 silly get     vary: 'Accept' } ]
24 verbose get saving sass-watch to /Users/joshzylstra/.npm/registry.npmjs.org/sass-watch/.cache.json
25 silly addNameRange number 2 { name: 'sass-watch', range: '*', hasData: true }
26 silly addNameRange versions [ 'sass-watch', [ '0.1.0' ] ]
27 silly addNamed sass-watch@0.1.0
28 verbose addNamed "0.1.0" is a plain semver version for sass-watch
29 silly mapToRegistry name sass-watch
30 silly mapToRegistry using default registry
31 silly mapToRegistry registry https://registry.npmjs.org/
32 silly mapToRegistry uri https://registry.npmjs.org/sass-watch
33 verbose addRemoteTarball https://registry.npmjs.org/sass-watch/-/sass-watch-0.1.0.tgz not in flight; adding
34 verbose addRemoteTarball [ 'https://registry.npmjs.org/sass-watch/-/sass-watch-0.1.0.tgz',
34 verbose addRemoteTarball   '28c4a3b309e7671083fa53c4e1fe59c7370776b3' ]
35 info retry fetch attempt 1 at 21:24:52
36 info attempt registry request try #1 at 21:24:52
37 http fetch GET https://registry.npmjs.org/sass-watch/-/sass-watch-0.1.0.tgz
38 http fetch 200 https://registry.npmjs.org/sass-watch/-/sass-watch-0.1.0.tgz
39 silly fetchAndShaCheck shasum 28c4a3b309e7671083fa53c4e1fe59c7370776b3
40 verbose addTmpTarball /var/folders/kd/zr_b0d451sv6t3grn4_qx29c0000gn/T/npm-3970-e88645d2/registry.npmjs.org/sass-watch/-/sass-watch-0.1.0.tgz not in flight; adding
41 verbose addTmpTarball already have metadata; skipping unpack for sass-watch@0.1.0
42 silly cache afterAdd sass-watch@0.1.0
43 verbose afterAdd /Users/joshzylstra/.npm/sass-watch/0.1.0/package/package.json not in flight; writing
44 verbose afterAdd /Users/joshzylstra/.npm/sass-watch/0.1.0/package/package.json written
45 silly install resolved [ { name: 'sass-watch',
45 silly install resolved     version: '0.1.0',
45 silly install resolved     author: { name: 'Duncan Smith' },
45 silly install resolved     email: 'duncan.smith@whiteboard-it.com',
45 silly install resolved     main: './app.js',
45 silly install resolved     repository:
45 silly install resolved      { type: 'git',
45 silly install resolved        url: 'http://github.com/notduncansmith/sass-watch.git' },
45 silly install resolved     dependencies: { 'node-sass': '~0.5.2', chokidar: '~0.6.2' },
45 silly install resolved     bin: { 'sass-watch': './app.js' },
45 silly install resolved     readme: '#sass-watch\nIt\'s like sass --watch, but for Node!\n\n\n\n##Installation:\n``` npm install -g sass-watch```\n\n\n\n##Usage:\n``` sass-watch path/to/input/directory path/to/output/directory```\n\n\n```sass-watch``` is really simple.  Like, really.  All it does is watch a directory, and when scss files in the input directory are added/changed/deleted, those changes are reflected in the compiled css files in the output directory.\n\n\n\n\n---\n###License\nCopyright (c) 2013 Duncan Smith\nMIT License (see [LICENSE](https://github.com/notduncansmith/sass-watch/blob/master/LICENSE) for details)',
45 silly install resolved     readmeFilename: 'Readme.md',
45 silly install resolved     description: 'It\'s like sass --watch, but for Node!',
45 silly install resolved     bugs: { url: 'https://github.com/notduncansmith/sass-watch/issues' },
45 silly install resolved     _id: 'sass-watch@0.1.0',
45 silly install resolved     dist:
45 silly install resolved      { shasum: '28c4a3b309e7671083fa53c4e1fe59c7370776b3',
45 silly install resolved        tarball: 'http://registry.npmjs.org/sass-watch/-/sass-watch-0.1.0.tgz' },
45 silly install resolved     _from: 'sass-watch@*',
45 silly install resolved     _npmVersion: '1.2.23',
45 silly install resolved     _npmUser:
45 silly install resolved      { name: 'notduncansmith',
45 silly install resolved        email: 'duncan.smith@whiteboard-it.com' },
45 silly install resolved     maintainers: [ [Object] ],
45 silly install resolved     directories: {},
45 silly install resolved     _shasum: '28c4a3b309e7671083fa53c4e1fe59c7370776b3',
45 silly install resolved     _resolved: 'https://registry.npmjs.org/sass-watch/-/sass-watch-0.1.0.tgz' } ]
46 info install sass-watch@0.1.0 into /usr/local/lib
47 info installOne sass-watch@0.1.0
48 verbose installOne of sass-watch to /usr/local/lib not in flight; installing
49 verbose lock using /Users/joshzylstra/.npm/_locks/sass-watch-861324e23b87abcd.lock for /usr/local/lib/node_modules/sass-watch
50 silly install write writing sass-watch 0.1.0 to /usr/local/lib/node_modules/sass-watch
51 verbose unbuild lib/node_modules/sass-watch
52 silly gentlyRm /usr/local/lib/node_modules/sass-watch is being purged from base /usr/local
53 verbose gentlyRm don't care about contents; nuking /usr/local/lib/node_modules/sass-watch
54 verbose tar unpack /Users/joshzylstra/.npm/sass-watch/0.1.0/package.tgz
55 verbose tar unpacking to /usr/local/lib/node_modules/sass-watch
56 silly gentlyRm /usr/local/lib/node_modules/sass-watch is being purged
57 verbose gentlyRm don't care about contents; nuking /usr/local/lib/node_modules/sass-watch
58 silly gunzTarPerm modes [ '755', '644' ]
59 error tar.unpack untar error /Users/joshzylstra/.npm/sass-watch/0.1.0/package.tgz
60 verbose unlock done using /Users/joshzylstra/.npm/_locks/sass-watch-861324e23b87abcd.lock for /usr/local/lib/node_modules/sass-watch
61 verbose fstream_path /usr/local/lib/node_modules/sass-watch
62 verbose fstream_type Directory
63 verbose fstream_class DirWriter
64 verbose stack Error: EACCES, mkdir '/usr/local/lib/node_modules/sass-watch'
64 verbose stack     at Error (native)
65 verbose fstream_stack /Users/joshzylstra/.node/lib/node_modules/npm/node_modules/fstream/lib/dir-writer.js:35:25
65 verbose fstream_stack /Users/joshzylstra/.node/lib/node_modules/npm/node_modules/mkdirp/index.js:47:53
65 verbose fstream_stack FSReqWrap.oncomplete (fs.js:95:15)
66 verbose cwd /Users/joshzylstra/Desktop/TheNextThing/No-water
67 error Darwin 14.1.0
68 error argv "/Users/joshzylstra/.node/bin/node" "/Users/joshzylstra/.node/bin/npm" "install" "-g" "sass-watch"
69 error node v0.12.4
70 error npm  v2.10.1
71 error path /usr/local/lib/node_modules/sass-watch
72 error code EACCES
73 error errno -13
74 error Error: EACCES, mkdir '/usr/local/lib/node_modules/sass-watch'
74 error     at Error (native)
74 error  { [Error: EACCES, mkdir '/usr/local/lib/node_modules/sass-watch']
74 error   errno: -13,
74 error   code: 'EACCES',
74 error   path: '/usr/local/lib/node_modules/sass-watch',
74 error   fstream_type: 'Directory',
74 error   fstream_path: '/usr/local/lib/node_modules/sass-watch',
74 error   fstream_class: 'DirWriter',
74 error   fstream_stack:
74 error    [ '/Users/joshzylstra/.node/lib/node_modules/npm/node_modules/fstream/lib/dir-writer.js:35:25',
74 error      '/Users/joshzylstra/.node/lib/node_modules/npm/node_modules/mkdirp/index.js:47:53',
74 error      'FSReqWrap.oncomplete (fs.js:95:15)' ] }
75 error Please try running this command again as root/Administrator.
76 verbose exit [ -13, true ]
77 verbose unbuild lib/node_modules/sass-watch
78 silly gentlyRm /usr/local/lib/node_modules/sass-watch is being purged from base /usr/local
79 verbose gentlyRm don't care about contents; nuking /usr/local/lib/node_modules/sass-watch
